<?xml version="1.0" encoding="UTF-8"?>
<!-- Generated by org.testng.reporters.JUnitReportReporter -->
<testsuite hostname="rafi-PC" name="com.ablelogix.maven.MavenDataDriven.testcases.login.LoginSuiteESSUser" tests="2" failures="0" timestamp="5 May 2016 09:41:45 GMT" time="103.219" errors="0">
  <testcase name="testLoginAdmin" time="56.512" classname="com.ablelogix.maven.MavenDataDriven.testcases.login.LoginSuiteESSUser"/>
  <testcase name="testLoginAdmin" time="46.707" classname="com.ablelogix.maven.MavenDataDriven.testcases.login.LoginSuiteESSUser"/>
</testsuite> <!-- com.ablelogix.maven.MavenDataDriven.testcases.login.LoginSuiteESSUser -->
